SF:lib\core\data\data_sources\user_location_data_source.dart
DA:12,1
DA:14,1
DA:15,2
DA:17,1
DA:19,2
LF:5
LH:5
end_of_record
SF:lib\core\data\data_sources\favorite_venues_local_data_source.dart
DA:15,1
DA:21,1
DA:23,2
DA:27,1
DA:30,1
DA:32,3
DA:34,2
DA:40,1
DA:42,3
DA:44,2
LF:10
LH:10
end_of_record
SF:lib\core\wrappers\preferences\preferences_storage.dart
DA:12,1
DA:16,1
DA:18,2
DA:21,1
DA:23,2
LF:5
LH:5
end_of_record
SF:lib\core\wrappers\http_client\http_client_service_impl.dart
DA:9,1
DA:15,1
DA:16,3
DA:18,1
DA:19,2
DA:21,1
DA:24,0
DA:28,1
DA:31,1
DA:32,5
DA:33,2
DA:34,1
DA:35,1
LF:13
LH:12
end_of_record
SF:lib\core\wrappers\http_client\http_client_service.dart
DA:14,3
DA:19,5
DA:21,0
DA:22,0
DA:23,0
DA:24,0
LF:6
LH:2
end_of_record
SF:lib\core\wrappers\location\location_service_mock.dart
DA:20,1
DA:22,5
DA:23,2
DA:26,0
DA:28,0
LF:5
LH:3
end_of_record
SF:lib\features\near_venues\data\near_venues_data_source.dart
DA:22,1
DA:26,1
DA:32,3
DA:37,1
DA:38,2
DA:40,1
DA:41,3
DA:42,1
DA:44,1
DA:45,3
DA:48,2
DA:49,1
DA:52,1
DA:53,1
DA:54,3
DA:55,1
DA:57,1
DA:58,4
DA:60,1
DA:62,1
DA:63,0
DA:65,1
LF:22
LH:21
end_of_record
SF:lib\core\data\models\venue_large_item\venue_image_model.dart
DA:4,2
DA:8,1
DA:9,1
DA:10,1
DA:14,2
DA:15,1
LF:6
LH:6
end_of_record
SF:lib\core\data\models\venue_large_item\venue_info_model.dart
DA:4,2
DA:11,1
DA:12,1
DA:13,1
DA:14,1
DA:16,2
DA:17,2
DA:19,1
DA:23,2
DA:24,1
DA:25,1
DA:26,1
DA:27,1
LF:13
LH:13
end_of_record
SF:lib\core\data\models\venue_large_item\venue_large_item_model.dart
DA:6,2
DA:11,1
DA:12,1
DA:13,2
DA:14,2
DA:18,2
DA:19,2
DA:20,2
LF:8
LH:8
end_of_record
SF:lib\core\domain\entities\venue_large_item\venue_image_entity.dart
DA:6,7
DA:10,3
DA:11,3
DA:12,3
LF:4
LH:4
end_of_record
SF:lib\core\domain\entities\venue_large_item\venue_info_entity.dart
DA:10,7
DA:17,3
DA:18,3
DA:19,3
DA:20,3
DA:21,3
DA:22,3
LF:7
LH:7
end_of_record
SF:lib\core\domain\entities\venue_large_item\venue_large_item_entity.dart
DA:13,7
DA:18,6
DA:20,3
DA:21,3
DA:22,3
DA:23,3
DA:24,3
DA:25,3
DA:28,6
DA:30,0
DA:32,9
DA:34,9
DA:36,2
DA:40,2
DA:41,2
DA:42,2
DA:44,2
LF:17
LH:16
end_of_record
SF:lib\core\data\models\base_models\section_model.dart
DA:4,1
DA:9,1
DA:10,1
DA:11,1
DA:12,4
DA:13,0
DA:15,1
LF:7
LH:6
end_of_record
SF:lib\core\domain\entities\base_entities\section_entity.dart
DA:16,1
DA:21,0
DA:22,0
DA:23,0
DA:24,0
LF:5
LH:1
end_of_record
SF:lib\core\domain\entities\base_entities\item_entity.dart
DA:15,7
DA:17,0
DA:18,0
DA:19,0
LF:4
LH:1
end_of_record
SF:lib\core\wrappers\log_service\log_service.dart
DA:6,1
DA:9,1
DA:10,2
DA:14,1
DA:16,1
DA:17,2
LF:6
LH:6
end_of_record
SF:lib\features\near_venues\data\near_venues_repository.dart
DA:21,1
DA:27,1
DA:31,2
DA:33,2
DA:35,3
DA:40,1
DA:41,0
DA:45,4
DA:46,2
DA:47,1
DA:48,1
DA:50,2
DA:52,1
DA:54,1
DA:55,5
DA:58,1
DA:60,2
DA:62,1
DA:64,2
LF:19
LH:18
end_of_record
SF:lib\features\near_venues\domain\fetch_near_venues_use_case.dart
DA:7,1
DA:9,1
DA:10,2
LF:3
LH:3
end_of_record
SF:lib\features\near_venues\domain\remove_venue_from_favorites_use_case.dart
DA:6,1
DA:8,3
LF:2
LH:2
end_of_record
SF:lib\features\near_venues\domain\save_venue_as_favorite_use_case.dart
DA:6,1
DA:8,3
LF:2
LH:2
end_of_record
SF:lib\features\near_venues\presentation\controller\near_venues_cubit.dart
DA:23,1
DA:27,2
DA:29,1
DA:30,2
DA:32,2
DA:34,1
DA:36,2
DA:37,1
DA:38,0
DA:40,1
DA:41,2
DA:45,1
DA:46,1
DA:47,2
DA:49,0
DA:53,0
DA:55,0
DA:57,0
DA:59,0
DA:64,1
DA:65,1
DA:66,2
DA:68,1
DA:69,3
DA:71,3
DA:74,2
DA:75,3
DA:77,2
DA:80,1
DA:82,2
DA:83,1
LF:31
LH:25
end_of_record
SF:lib\features\near_venues\presentation\controller\near_venues_state.dart
DA:4,1
DA:5,1
DA:13,2
DA:17,1
DA:18,2
DA:25,0
DA:30,2
LF:7
LH:6
end_of_record
SF:lib\core\design_system\ds_button.dart
DA:9,2
DA:16,2
DA:18,2
DA:20,2
DA:21,2
DA:23,2
DA:24,2
DA:25,2
DA:29,4
LF:9
LH:9
end_of_record
SF:lib\features\near_venues\presentation\near_venues_list_error.dart
DA:12,2
DA:19,2
DA:21,2
DA:26,2
DA:28,2
DA:29,2
DA:30,2
DA:31,2
DA:41,2
DA:42,2
DA:43,2
DA:44,2
DA:45,2
DA:46,6
DA:51,2
DA:52,2
DA:53,6
DA:61,2
DA:64,2
LF:19
LH:19
end_of_record
SF:lib\features\near_venues\presentation\near_venues_list_loaded.dart
DA:11,2
DA:17,2
DA:19,2
DA:20,4
DA:21,2
DA:22,2
DA:26,2
DA:27,2
DA:28,2
DA:31,2
DA:35,2
DA:36,10
DA:37,4
DA:38,3
DA:41,8
LF:15
LH:15
end_of_record
SF:lib\features\near_venues\presentation\widgets\venue_item_tile.dart
DA:12,3
DA:22,3
DA:23,13
DA:25,3
DA:27,3
DA:28,3
DA:29,3
DA:33,3
DA:34,6
DA:36,3
DA:37,9
DA:38,9
DA:40,6
DA:41,3
DA:42,6
DA:44,12
DA:48,3
DA:49,6
DA:52,3
DA:55,5
DA:57,3
LF:21
LH:21
end_of_record
SF:lib\core\design_system\ds_icon_button.dart
DA:9,3
DA:17,3
DA:19,3
DA:20,3
DA:21,3
DA:24,3
DA:25,3
DA:26,3
DA:28,3
LF:9
LH:9
end_of_record
SF:lib\core\design_system\ds_loading.dart
DA:7,5
DA:10,5
DA:12,5
DA:14,5
DA:15,5
DA:16,5
DA:17,5
DA:20,5
LF:8
LH:8
end_of_record
SF:lib\features\near_venues\presentation\widgets\venue_rectangle_avatar.dart
DA:8,4
DA:15,4
DA:17,4
DA:18,4
DA:21,4
DA:22,4
DA:25,4
DA:30,4
DA:31,4
DA:34,4
LF:10
LH:10
end_of_record
SF:lib\features\near_venues\presentation\near_venues_list_loading.dart
DA:6,2
DA:8,2
DA:10,2
DA:11,2
DA:13,2
DA:14,2
DA:15,2
DA:30,2
DA:34,2
DA:36,2
DA:37,2
DA:38,2
DA:42,2
DA:44,2
DA:46,2
DA:48,2
DA:50,2
DA:51,2
DA:54,2
DA:57,2
DA:61,2
DA:63,2
LF:22
LH:22
end_of_record
SF:lib\core\wrappers\injection\injection_service.dart
DA:4,3
DA:6,3
DA:8,1
DA:9,2
DA:11,0
DA:13,0
DA:15,0
DA:16,0
DA:18,3
LF:9
LH:5
end_of_record
SF:lib\features\near_venues\presentation\near_venues_list_page.dart
DA:10,1
DA:12,1
DA:14,1
DA:15,3
DA:16,1
DA:17,1
DA:18,1
DA:19,1
DA:20,1
DA:21,1
DA:24,3
DA:30,1
DA:31,1
DA:32,1
DA:33,1
DA:34,1
DA:35,0
DA:36,0
DA:37,0
DA:41,1
DA:42,1
DA:43,1
DA:44,1
DA:45,0
DA:46,0
LF:25
LH:20
end_of_record
